<?xml version="1.0" encoding="UTF-8"?>
<robot generator="Robot 7.3.2 (Python 3.12.3 on win32)" generated="2026-06-10T16:18:25.096116" rpa="false" schemaversion="5">
<suite id="s1" name="Validate Hotfix" source="c:\Users\RUTUJA DESHPANDE\Desktop\cli-automation\tests\validate_hotfix.robot">
<test id="s1-t1" name="Validate Hotfix Workflow" line="8">
<kw name="File Should Exist" owner="OperatingSystem">
<msg time="2026-06-10T16:18:25.138625" level="INFO" html="true">File '&lt;a href="file://C:\Users\RUTUJA DESHPANDE\Desktop\cli-automation\logs\hotfix_001.log"&gt;C:\Users\RUTUJA DESHPANDE\Desktop\cli-automation\logs\hotfix_001.log&lt;/a&gt;' exists.</msg>
<arg>${LOG_FILE}</arg>
<doc>Fails unless the given ``path`` points to an existing file.</doc>
<status status="PASS" start="2026-06-10T16:18:25.137628" elapsed="0.006000"/>
</kw>
<kw name="Get File" owner="OperatingSystem">
<msg time="2026-06-10T16:18:25.145626" level="INFO" html="true">Getting file '&lt;a href="file://C:\Users\RUTUJA DESHPANDE\Desktop\cli-automation\logs\hotfix_001.log"&gt;C:\Users\RUTUJA DESHPANDE\Desktop\cli-automation\logs\hotfix_001.log&lt;/a&gt;'.</msg>
<msg time="2026-06-10T16:18:25.154499" level="INFO">${content} = HOTFIX_CREATED
ISSUE_ID: BUG-101

CODE_COMMITTED
COMMIT_ID: abc123

PR_OPENED
PR_ID: 501

PR_MERGED
PR_ID: 501

RELEASE_CREATED
VERSION: 1.0.1</msg>
<var>${content}</var>
<arg>${LOG_FILE}</arg>
<doc>Returns the contents of a specified file.</doc>
<status status="PASS" start="2026-06-10T16:18:25.144625" elapsed="0.010878"/>
</kw>
<kw name="Should Contain" owner="BuiltIn">
<arg>${content}</arg>
<arg>HOTFIX_CREATED</arg>
<doc>Fails if ``container`` does not contain ``item`` one or more times.</doc>
<status status="PASS" start="2026-06-10T16:18:25.157501" elapsed="0.000000"/>
</kw>
<kw name="Should Contain" owner="BuiltIn">
<arg>${content}</arg>
<arg>CODE_COMMITTED</arg>
<doc>Fails if ``container`` does not contain ``item`` one or more times.</doc>
<status status="PASS" start="2026-06-10T16:18:25.157501" elapsed="0.001000"/>
</kw>
<kw name="Should Contain" owner="BuiltIn">
<arg>${content}</arg>
<arg>PR_OPENED</arg>
<doc>Fails if ``container`` does not contain ``item`` one or more times.</doc>
<status status="PASS" start="2026-06-10T16:18:25.159501" elapsed="0.000803"/>
</kw>
<kw name="Should Contain" owner="BuiltIn">
<arg>${content}</arg>
<arg>PR_MERGED</arg>
<doc>Fails if ``container`` does not contain ``item`` one or more times.</doc>
<status status="PASS" start="2026-06-10T16:18:25.160304" elapsed="0.000000"/>
</kw>
<kw name="Should Contain" owner="BuiltIn">
<arg>${content}</arg>
<arg>RELEASE_CREATED</arg>
<doc>Fails if ``container`` does not contain ``item`` one or more times.</doc>
<status status="PASS" start="2026-06-10T16:18:25.163665" elapsed="0.001540"/>
</kw>
<kw name="Should Not Contain" owner="BuiltIn">
<arg>${content}</arg>
<arg>ERROR</arg>
<doc>Fails if ``container`` contains ``item`` one or more times.</doc>
<status status="PASS" start="2026-06-10T16:18:25.166237" elapsed="0.000976"/>
</kw>
<status status="PASS" start="2026-06-10T16:18:25.135727" elapsed="0.034486"/>
</test>
<status status="PASS" start="2026-06-10T16:18:25.102629" elapsed="0.071568"/>
</suite>
<statistics>
<total>
<stat pass="1" fail="0" skip="0">All Tests</stat>
</total>
<tag>
</tag>
<suite>
<stat name="Validate Hotfix" id="s1" pass="1" fail="0" skip="0">Validate Hotfix</stat>
</suite>
</statistics>
<errors>
</errors>
</robot>
